#-----------------------------------------------------------
# Vivado v2019.1 (64-bit)
# SW Build 2552052 on Fri May 24 14:49:42 MDT 2019
# IP Build 2548770 on Fri May 24 18:01:18 MDT 2019
# Start of session at: Fri Jun 19 22:52:45 2020
# Process ID: 16560
# Current directory: D:/Software/Vivado/projects/Computer_Organization/exp2
# Command line: vivado.exe -gui_launcher_event rodinguilauncherevent17956 D:\Software\Vivado\projects\Computer_Organization\exp2\exp2.xpr
# Log file: D:/Software/Vivado/projects/Computer_Organization/exp2/vivado.log
# Journal file: D:/Software/Vivado/projects/Computer_Organization/exp2\vivado.jou
#-----------------------------------------------------------
start_gui
open_project D:/Software/Vivado/projects/Computer_Organization/exp2/exp2.xpr
Scanning sources...
Finished scanning sources
INFO: [IP_Flow 19-234] Refreshing IP repositories
INFO: [IP_Flow 19-1704] No user IP repositories specified
INFO: [Common 17-41] Interrupt caught. Command should exit soon.
INFO: [IP_Flow 19-2313] Loaded Vivado IP repository 'D:/Software/Vivado/2019.1/Vivado/2019.1/data/ip'.
INFO: [Common 17-344] 'open_project' was cancelled
open_project D:/Software/Vivado/projects/Computer_Organization/exp2/exp2.xpr
Scanning sources...
Finished scanning sources
INFO: [IP_Flow 19-234] Refreshing IP repositories
INFO: [IP_Flow 19-1704] No user IP repositories specified
INFO: [IP_Flow 19-2313] Loaded Vivado IP repository 'D:/Software/Vivado/2019.1/Vivado/2019.1/data/ip'.
update_compile_order -fileset sources_1
launch_simulation
boost::filesystem::remove: 另一个程序正在使用此文件，进程无法访问。: "D:/Software/Vivado/projects/Computer_Organization/exp2/exp2.sim/sim_1/behav/xsim/simulate.log"
launch_simulation
boost::filesystem::remove: 另一个程序正在使用此文件，进程无法访问。: "D:/Software/Vivado/projects/Computer_Organization/exp2/exp2.sim/sim_1/behav/xsim/simulate.log"
exit
INFO: [Common 17-206] Exiting Vivado at Fri Jun 19 22:55:08 2020...
