#-----------------------------------------------------------
# Vivado v2019.1 (64-bit)
# SW Build 2552052 on Fri May 24 14:49:42 MDT 2019
# IP Build 2548770 on Fri May 24 18:01:18 MDT 2019
# Start of session at: Sat Jun 20 09:58:13 2020
# Process ID: 8436
# Current directory: D:/Software/Vivado/projects/Computer_Organization/exp3
# Command line: vivado.exe -gui_launcher_event rodinguilauncherevent9052 D:\Software\Vivado\projects\Computer_Organization\exp3\exp3.xpr
# Log file: D:/Software/Vivado/projects/Computer_Organization/exp3/vivado.log
# Journal file: D:/Software/Vivado/projects/Computer_Organization/exp3\vivado.jou
#-----------------------------------------------------------
start_gui
open_project D:/Software/Vivado/projects/Computer_Organization/exp3/exp3.xpr
Scanning sources...
Finished scanning sources
INFO: [IP_Flow 19-234] Refreshing IP repositories
INFO: [IP_Flow 19-1704] No user IP repositories specified
INFO: [IP_Flow 19-2313] Loaded Vivado IP repository 'D:/Software/Vivado/2019.1/Vivado/2019.1/data/ip'.
open_project: Time (s): cpu = 00:00:18 ; elapsed = 00:00:06 . Memory (MB): peak = 662.434 ; gain = 62.656
file mkdir D:/Software/Vivado/projects/Computer_Organization/exp3/exp3.srcs/sources_1/new
add_files -norecurse -scan_for_includes {D:/Software/Vivado/projects/Computer_Organization/exp2/exp2.srcs/sources_1/new/controller.v D:/Software/Vivado/projects/Computer_Organization/exp2/exp2.srcs/sources_1/new/pc.v D:/Software/Vivado/projects/Computer_Organization/exp1/exp1.srcs/sources_1/new/alu.v D:/Software/Vivado/projects/Computer_Organization/exp2/exp2.srcs/sources_1/new/maindec.v D:/Software/Vivado/projects/Computer_Organization/exp2/exp2.srcs/sources_1/new/aludec.v}
import_files -norecurse {D:/Software/Vivado/projects/Computer_Organization/exp2/exp2.srcs/sources_1/new/controller.v D:/Software/Vivado/projects/Computer_Organization/exp2/exp2.srcs/sources_1/new/pc.v D:/Software/Vivado/projects/Computer_Organization/exp1/exp1.srcs/sources_1/new/alu.v D:/Software/Vivado/projects/Computer_Organization/exp2/exp2.srcs/sources_1/new/maindec.v D:/Software/Vivado/projects/Computer_Organization/exp2/exp2.srcs/sources_1/new/aludec.v}
close [ open D:/Software/Vivado/projects/Computer_Organization/exp3/exp3.srcs/sources_1/new/adder.v w ]
add_files D:/Software/Vivado/projects/Computer_Organization/exp3/exp3.srcs/sources_1/new/adder.v
close [ open D:/Software/Vivado/projects/Computer_Organization/exp3/exp3.srcs/sources_1/new/regfile.v w ]
add_files D:/Software/Vivado/projects/Computer_Organization/exp3/exp3.srcs/sources_1/new/regfile.v
close [ open D:/Software/Vivado/projects/Computer_Organization/exp3/exp3.srcs/sources_1/new/top.v w ]
add_files D:/Software/Vivado/projects/Computer_Organization/exp3/exp3.srcs/sources_1/new/top.v
close [ open D:/Software/Vivado/projects/Computer_Organization/exp3/exp3.srcs/sources_1/new/mips.v w ]
add_files D:/Software/Vivado/projects/Computer_Organization/exp3/exp3.srcs/sources_1/new/mips.v
update_compile_order -fileset sources_1
update_compile_order -fileset sources_1
update_compile_order -fileset sources_1
add_files {D:/Software/Vivado/projects/Computer_Organization/exp3/exp3.srcs/sources_1/new/maindec.v D:/Software/Vivado/projects/Computer_Organization/exp3/exp3.srcs/sources_1/new/pc.v D:/Software/Vivado/projects/Computer_Organization/exp3/exp3.srcs/sources_1/new/adder.v D:/Software/Vivado/projects/Computer_Organization/exp3/exp3.srcs/sources_1/new/alu.v D:/Software/Vivado/projects/Computer_Organization/exp3/exp3.srcs/sources_1/new/regfile.v D:/Software/Vivado/projects/Computer_Organization/exp3/exp3.srcs/sources_1/new/top.v D:/Software/Vivado/projects/Computer_Organization/exp3/exp3.srcs/sources_1/new/aludec.v D:/Software/Vivado/projects/Computer_Organization/exp3/exp3.srcs/sources_1/new/controller.v D:/Software/Vivado/projects/Computer_Organization/exp3/exp3.srcs/sources_1/new/mips.v}
WARNING: [filemgmt 56-12] File 'D:/Software/Vivado/projects/Computer_Organization/exp3/exp3.srcs/sources_1/new/adder.v' cannot be added to the project because it already exists in the project, skipping this file
WARNING: [filemgmt 56-12] File 'D:/Software/Vivado/projects/Computer_Organization/exp3/exp3.srcs/sources_1/new/regfile.v' cannot be added to the project because it already exists in the project, skipping this file
WARNING: [filemgmt 56-12] File 'D:/Software/Vivado/projects/Computer_Organization/exp3/exp3.srcs/sources_1/new/top.v' cannot be added to the project because it already exists in the project, skipping this file
WARNING: [filemgmt 56-12] File 'D:/Software/Vivado/projects/Computer_Organization/exp3/exp3.srcs/sources_1/new/mips.v' cannot be added to the project because it already exists in the project, skipping this file
update_compile_order -fileset sources_1
update_compile_order -fileset sources_1
export_ip_user_files -of_objects  [get_files D:/Software/Vivado/projects/Computer_Organization/exp3/exp3.srcs/sources_1/imports/Computer_Organization/exp1/exp1.srcs/sources_1/new/alu.v] -no_script -reset -force -quiet
export_ip_user_files -of_objects  [get_files D:/Software/Vivado/projects/Computer_Organization/exp3/exp3.srcs/sources_1/imports/Computer_Organization/exp2/exp2.srcs/sources_1/new/aludec.v] -no_script -reset -force -quiet
export_ip_user_files -of_objects  [get_files D:/Software/Vivado/projects/Computer_Organization/exp3/exp3.srcs/sources_1/imports/Computer_Organization/exp2/exp2.srcs/sources_1/new/controller.v] -no_script -reset -force -quiet
export_ip_user_files -of_objects  [get_files D:/Software/Vivado/projects/Computer_Organization/exp3/exp3.srcs/sources_1/imports/Computer_Organization/exp2/exp2.srcs/sources_1/new/maindec.v] -no_script -reset -force -quiet
remove_files  {D:/Software/Vivado/projects/Computer_Organization/exp3/exp3.srcs/sources_1/imports/Computer_Organization/exp1/exp1.srcs/sources_1/new/alu.v D:/Software/Vivado/projects/Computer_Organization/exp3/exp3.srcs/sources_1/imports/Computer_Organization/exp2/exp2.srcs/sources_1/new/aludec.v D:/Software/Vivado/projects/Computer_Organization/exp3/exp3.srcs/sources_1/imports/Computer_Organization/exp2/exp2.srcs/sources_1/new/controller.v D:/Software/Vivado/projects/Computer_Organization/exp3/exp3.srcs/sources_1/imports/Computer_Organization/exp2/exp2.srcs/sources_1/new/maindec.v}
export_ip_user_files -of_objects  [get_files D:/Software/Vivado/projects/Computer_Organization/exp3/exp3.srcs/sources_1/imports/Computer_Organization/exp2/exp2.srcs/sources_1/new/pc.v] -no_script -reset -force -quiet
remove_files  D:/Software/Vivado/projects/Computer_Organization/exp3/exp3.srcs/sources_1/imports/Computer_Organization/exp2/exp2.srcs/sources_1/new/pc.v
update_compile_order -fileset sources_1
export_ip_user_files -of_objects  [get_files D:/Software/Vivado/projects/Computer_Organization/exp3/exp3.srcs/sources_1/new/top.v] -no_script -reset -force -quiet
export_ip_user_files -of_objects  [get_files D:/Software/Vivado/projects/Computer_Organization/exp3/exp3.srcs/sources_1/new/adder.v] -no_script -reset -force -quiet
export_ip_user_files -of_objects  [get_files D:/Software/Vivado/projects/Computer_Organization/exp3/exp3.srcs/sources_1/new/alu.v] -no_script -reset -force -quiet
export_ip_user_files -of_objects  [get_files D:/Software/Vivado/projects/Computer_Organization/exp3/exp3.srcs/sources_1/new/pc.v] -no_script -reset -force -quiet
export_ip_user_files -of_objects  [get_files D:/Software/Vivado/projects/Computer_Organization/exp3/exp3.srcs/sources_1/new/regfile.v] -no_script -reset -force -quiet
remove_files  {D:/Software/Vivado/projects/Computer_Organization/exp3/exp3.srcs/sources_1/new/top.v D:/Software/Vivado/projects/Computer_Organization/exp3/exp3.srcs/sources_1/new/adder.v D:/Software/Vivado/projects/Computer_Organization/exp3/exp3.srcs/sources_1/new/alu.v D:/Software/Vivado/projects/Computer_Organization/exp3/exp3.srcs/sources_1/new/pc.v D:/Software/Vivado/projects/Computer_Organization/exp3/exp3.srcs/sources_1/new/regfile.v}
export_ip_user_files -of_objects  [get_files D:/Software/Vivado/projects/Computer_Organization/exp3/exp3.srcs/sources_1/new/mips.v] -no_script -reset -force -quiet
remove_files  D:/Software/Vivado/projects/Computer_Organization/exp3/exp3.srcs/sources_1/new/mips.v
update_compile_order -fileset sources_1
file mkdir D:/Software/Vivado/projects/Computer_Organization/exp3/exp3.srcs/sim_1/new
set_property SOURCE_SET sources_1 [get_filesets sim_1]
close [ open D:/Software/Vivado/projects/Computer_Organization/exp3/exp3.srcs/sim_1/new/testbench.v w ]
add_files -fileset sim_1 D:/Software/Vivado/projects/Computer_Organization/exp3/exp3.srcs/sim_1/new/testbench.v
update_compile_order -fileset sim_1
export_ip_user_files -of_objects  [get_files D:/Software/Vivado/projects/Computer_Organization/exp3/exp3.srcs/sources_1/new/controller.v] -no_script -reset -force -quiet
remove_files  D:/Software/Vivado/projects/Computer_Organization/exp3/exp3.srcs/sources_1/new/controller.v
update_compile_order -fileset sim_1
export_ip_user_files -of_objects  [get_files D:/Software/Vivado/projects/Computer_Organization/exp3/exp3.srcs/sources_1/new/aludec.v] -no_script -reset -force -quiet
export_ip_user_files -of_objects  [get_files D:/Software/Vivado/projects/Computer_Organization/exp3/exp3.srcs/sources_1/new/maindec.v] -no_script -reset -force -quiet
remove_files  {D:/Software/Vivado/projects/Computer_Organization/exp3/exp3.srcs/sources_1/new/aludec.v D:/Software/Vivado/projects/Computer_Organization/exp3/exp3.srcs/sources_1/new/maindec.v}
add_files {D:/Software/Vivado/projects/Computer_Organization/exp3/exp3.srcs/sources_1/new/maindec.v D:/Software/Vivado/projects/Computer_Organization/exp3/exp3.srcs/sources_1/new/pc.v D:/Software/Vivado/projects/Computer_Organization/exp3/exp3.srcs/sources_1/new/adder.v D:/Software/Vivado/projects/Computer_Organization/exp3/exp3.srcs/sources_1/new/alu.v D:/Software/Vivado/projects/Computer_Organization/exp3/exp3.srcs/sources_1/new/regfile.v D:/Software/Vivado/projects/Computer_Organization/exp3/exp3.srcs/sources_1/new/top.v D:/Software/Vivado/projects/Computer_Organization/exp3/exp3.srcs/sources_1/new/aludec.v D:/Software/Vivado/projects/Computer_Organization/exp3/exp3.srcs/sources_1/new/controller.v D:/Software/Vivado/projects/Computer_Organization/exp3/exp3.srcs/sources_1/new/mips.v}
update_compile_order -fileset sources_1
update_compile_order -fileset sources_1
close [ open D:/Software/Vivado/projects/Computer_Organization/exp3/exp3.srcs/sources_1/new/sl2.v w ]
add_files D:/Software/Vivado/projects/Computer_Organization/exp3/exp3.srcs/sources_1/new/sl2.v
close [ open D:/Software/Vivado/projects/Computer_Organization/exp3/exp3.srcs/sources_1/new/datapath.v w ]
add_files D:/Software/Vivado/projects/Computer_Organization/exp3/exp3.srcs/sources_1/new/datapath.v
close [ open D:/Software/Vivado/projects/Computer_Organization/exp3/exp3.srcs/sources_1/new/signext.v w ]
add_files D:/Software/Vivado/projects/Computer_Organization/exp3/exp3.srcs/sources_1/new/signext.v
close [ open D:/Software/Vivado/projects/Computer_Organization/exp3/exp3.srcs/sources_1/new/mux2.v w ]
add_files D:/Software/Vivado/projects/Computer_Organization/exp3/exp3.srcs/sources_1/new/mux2.v
update_compile_order -fileset sources_1
WARNING: [IP_Flow 19-4067] Ignoring invalid widget type specified checkbox.Providing a default widget
WARNING: [IP_Flow 19-4067] Ignoring invalid widget type specified checkbox.Providing a default widget
INFO: [IP_Flow 19-3484] Absolute path of file 'd:/Software/Vivado/projects/Computer_Organization/exp3/mipstest.coe' provided. It will be converted relative to IP Instance files '../../../../mipstest.coe'
INFO: [IP_Flow 19-3484] Absolute path of file 'd:/Software/Vivado/projects/Computer_Organization/exp3/mipstest.coe' provided. It will be converted relative to IP Instance files '../../../../mipstest.coe'
INFO: [IP_Flow 19-3484] Absolute path of file 'd:/Software/Vivado/projects/Computer_Organization/exp3/mipstest.coe' provided. It will be converted relative to IP Instance files '../../../../mipstest.coe'
INFO: [IP_Flow 19-3484] Absolute path of file 'd:/Software/Vivado/projects/Computer_Organization/exp3/mipstest.coe' provided. It will be converted relative to IP Instance files '../../../../mipstest.coe'
create_ip -name blk_mem_gen -vendor xilinx.com -library ip -version 8.4 -module_name blk_mem_gen_0 -dir d:/Software/Vivado/projects/Computer_Organization/exp3/exp3.srcs/sources_1/ip
set_property -dict [list CONFIG.Write_Width_A {32} CONFIG.Write_Depth_A {256} CONFIG.Read_Width_A {32} CONFIG.Write_Width_B {32} CONFIG.Read_Width_B {32} CONFIG.Load_Init_File {true} CONFIG.Coe_File {D:/Software/Vivado/projects/Computer_Organization/exp3/mipstest.coe}] [get_ips blk_mem_gen_0]
INFO: [IP_Flow 19-3484] Absolute path of file 'd:/Software/Vivado/projects/Computer_Organization/exp3/mipstest.coe' provided. It will be converted relative to IP Instance files '../../../../mipstest.coe'
generate_target {instantiation_template} [get_files d:/Software/Vivado/projects/Computer_Organization/exp3/exp3.srcs/sources_1/ip/blk_mem_gen_0/blk_mem_gen_0.xci]
INFO: [IP_Flow 19-1686] Generating 'Instantiation Template' target for IP 'blk_mem_gen_0'...
update_compile_order -fileset sources_1
export_ip_user_files -of_objects  [get_files d:/Software/Vivado/projects/Computer_Organization/exp3/exp3.srcs/sources_1/ip/blk_mem_gen_0/blk_mem_gen_0.xci] -no_script -reset -force -quiet
remove_files  d:/Software/Vivado/projects/Computer_Organization/exp3/exp3.srcs/sources_1/ip/blk_mem_gen_0/blk_mem_gen_0.xci
file delete -force d:/Software/Vivado/projects/Computer_Organization/exp3/exp3.srcs/sources_1/ip/blk_mem_gen_0
WARNING: [IP_Flow 19-4067] Ignoring invalid widget type specified checkbox.Providing a default widget
WARNING: [IP_Flow 19-4067] Ignoring invalid widget type specified checkbox.Providing a default widget
INFO: [IP_Flow 19-3484] Absolute path of file 'd:/Software/Vivado/projects/Computer_Organization/exp3/mipstest.coe' provided. It will be converted relative to IP Instance files '../../../../mipstest.coe'
create_ip -name blk_mem_gen -vendor xilinx.com -library ip -version 8.4 -module_name inst_ram -dir d:/Software/Vivado/projects/Computer_Organization/exp3/exp3.srcs/sources_1/ip
set_property -dict [list CONFIG.Component_Name {inst_ram} CONFIG.Write_Width_A {32} CONFIG.Write_Depth_A {256} CONFIG.Read_Width_A {32} CONFIG.Write_Width_B {32} CONFIG.Read_Width_B {32} CONFIG.Load_Init_File {true} CONFIG.Coe_File {D:/Software/Vivado/projects/Computer_Organization/exp3/mipstest.coe}] [get_ips inst_ram]
WARNING: [Vivado 12-3523] Attempt to change 'Component_Name' from 'inst_ram' to 'inst_ram' is not allowed and is ignored.
INFO: [IP_Flow 19-3484] Absolute path of file 'd:/Software/Vivado/projects/Computer_Organization/exp3/mipstest.coe' provided. It will be converted relative to IP Instance files '../../../../mipstest.coe'
generate_target {instantiation_template} [get_files d:/Software/Vivado/projects/Computer_Organization/exp3/exp3.srcs/sources_1/ip/inst_ram/inst_ram.xci]
INFO: [IP_Flow 19-1686] Generating 'Instantiation Template' target for IP 'inst_ram'...
generate_target all [get_files  d:/Software/Vivado/projects/Computer_Organization/exp3/exp3.srcs/sources_1/ip/inst_ram/inst_ram.xci]
INFO: [IP_Flow 19-1686] Generating 'Synthesis' target for IP 'inst_ram'...
INFO: [IP_Flow 19-1686] Generating 'Simulation' target for IP 'inst_ram'...
INFO: [IP_Flow 19-1686] Generating 'Miscellaneous' target for IP 'inst_ram'...
INFO: [IP_Flow 19-1686] Generating 'Change Log' target for IP 'inst_ram'...
catch { config_ip_cache -export [get_ips -all inst_ram] }
export_ip_user_files -of_objects [get_files d:/Software/Vivado/projects/Computer_Organization/exp3/exp3.srcs/sources_1/ip/inst_ram/inst_ram.xci] -no_script -sync -force -quiet
create_ip_run [get_files -of_objects [get_fileset sources_1] d:/Software/Vivado/projects/Computer_Organization/exp3/exp3.srcs/sources_1/ip/inst_ram/inst_ram.xci]
launch_runs -jobs 6 inst_ram_synth_1
[Sat Jun 20 10:15:03 2020] Launched inst_ram_synth_1...
Run output will be captured here: D:/Software/Vivado/projects/Computer_Organization/exp3/exp3.runs/inst_ram_synth_1/runme.log
export_simulation -of_objects [get_files d:/Software/Vivado/projects/Computer_Organization/exp3/exp3.srcs/sources_1/ip/inst_ram/inst_ram.xci] -directory D:/Software/Vivado/projects/Computer_Organization/exp3/exp3.ip_user_files/sim_scripts -ip_user_files_dir D:/Software/Vivado/projects/Computer_Organization/exp3/exp3.ip_user_files -ipstatic_source_dir D:/Software/Vivado/projects/Computer_Organization/exp3/exp3.ip_user_files/ipstatic -lib_map_path [list {modelsim=D:/Software/Vivado/projects/Computer_Organization/exp3/exp3.cache/compile_simlib/modelsim} {questa=D:/Software/Vivado/projects/Computer_Organization/exp3/exp3.cache/compile_simlib/questa} {riviera=D:/Software/Vivado/projects/Computer_Organization/exp3/exp3.cache/compile_simlib/riviera} {activehdl=D:/Software/Vivado/projects/Computer_Organization/exp3/exp3.cache/compile_simlib/activehdl}] -use_ip_compiled_libs -force -quiet
WARNING: [IP_Flow 19-4067] Ignoring invalid widget type specified checkbox.Providing a default widget
WARNING: [IP_Flow 19-4067] Ignoring invalid widget type specified checkbox.Providing a default widget
create_ip -name blk_mem_gen -vendor xilinx.com -library ip -version 8.4 -module_name data_ram -dir d:/Software/Vivado/projects/Computer_Organization/exp3/exp3.srcs/sources_1/ip
set_property -dict [list CONFIG.Component_Name {data_ram} CONFIG.Write_Width_A {32} CONFIG.Write_Depth_A {256} CONFIG.Read_Width_A {32} CONFIG.Write_Width_B {32} CONFIG.Read_Width_B {32}] [get_ips data_ram]
WARNING: [Vivado 12-3523] Attempt to change 'Component_Name' from 'data_ram' to 'data_ram' is not allowed and is ignored.
generate_target {instantiation_template} [get_files d:/Software/Vivado/projects/Computer_Organization/exp3/exp3.srcs/sources_1/ip/data_ram/data_ram.xci]
INFO: [IP_Flow 19-1686] Generating 'Instantiation Template' target for IP 'data_ram'...
generate_target all [get_files  d:/Software/Vivado/projects/Computer_Organization/exp3/exp3.srcs/sources_1/ip/data_ram/data_ram.xci]
INFO: [IP_Flow 19-1686] Generating 'Synthesis' target for IP 'data_ram'...
INFO: [IP_Flow 19-1686] Generating 'Simulation' target for IP 'data_ram'...
INFO: [IP_Flow 19-1686] Generating 'Miscellaneous' target for IP 'data_ram'...
INFO: [IP_Flow 19-1686] Generating 'Change Log' target for IP 'data_ram'...
catch { config_ip_cache -export [get_ips -all data_ram] }
export_ip_user_files -of_objects [get_files d:/Software/Vivado/projects/Computer_Organization/exp3/exp3.srcs/sources_1/ip/data_ram/data_ram.xci] -no_script -sync -force -quiet
create_ip_run [get_files -of_objects [get_fileset sources_1] d:/Software/Vivado/projects/Computer_Organization/exp3/exp3.srcs/sources_1/ip/data_ram/data_ram.xci]
launch_runs -jobs 6 data_ram_synth_1
[Sat Jun 20 10:17:59 2020] Launched data_ram_synth_1...
Run output will be captured here: D:/Software/Vivado/projects/Computer_Organization/exp3/exp3.runs/data_ram_synth_1/runme.log
export_simulation -of_objects [get_files d:/Software/Vivado/projects/Computer_Organization/exp3/exp3.srcs/sources_1/ip/data_ram/data_ram.xci] -directory D:/Software/Vivado/projects/Computer_Organization/exp3/exp3.ip_user_files/sim_scripts -ip_user_files_dir D:/Software/Vivado/projects/Computer_Organization/exp3/exp3.ip_user_files -ipstatic_source_dir D:/Software/Vivado/projects/Computer_Organization/exp3/exp3.ip_user_files/ipstatic -lib_map_path [list {modelsim=D:/Software/Vivado/projects/Computer_Organization/exp3/exp3.cache/compile_simlib/modelsim} {questa=D:/Software/Vivado/projects/Computer_Organization/exp3/exp3.cache/compile_simlib/questa} {riviera=D:/Software/Vivado/projects/Computer_Organization/exp3/exp3.cache/compile_simlib/riviera} {activehdl=D:/Software/Vivado/projects/Computer_Organization/exp3/exp3.cache/compile_simlib/activehdl}] -use_ip_compiled_libs -force -quiet
add_files -norecurse D:/Software/Vivado/projects/Computer_Organization/exp3/exp3.srcs/sources_1/new/pc_adder.v
update_compile_order -fileset sources_1
WARNING: [IP_Flow 19-4067] Ignoring invalid widget type specified checkbox.Providing a default widget
WARNING: [IP_Flow 19-4067] Ignoring invalid widget type specified checkbox.Providing a default widget
set_property -dict [list CONFIG.Enable_32bit_Address {true} CONFIG.Use_Byte_Write_Enable {true} CONFIG.Byte_Size {8} CONFIG.Write_Depth_A {1024} CONFIG.Use_RSTA_Pin {true} CONFIG.EN_SAFETY_CKT {true}] [get_ips data_ram]
generate_target all [get_files  d:/Software/Vivado/projects/Computer_Organization/exp3/exp3.srcs/sources_1/ip/data_ram/data_ram.xci]
INFO: [IP_Flow 19-1686] Generating 'Instantiation Template' target for IP 'data_ram'...
INFO: [IP_Flow 19-1686] Generating 'Synthesis' target for IP 'data_ram'...
INFO: [IP_Flow 19-1686] Generating 'Simulation' target for IP 'data_ram'...
INFO: [IP_Flow 19-1686] Generating 'Miscellaneous' target for IP 'data_ram'...
INFO: [IP_Flow 19-1686] Generating 'Change Log' target for IP 'data_ram'...
catch { config_ip_cache -export [get_ips -all data_ram] }
export_ip_user_files -of_objects [get_files d:/Software/Vivado/projects/Computer_Organization/exp3/exp3.srcs/sources_1/ip/data_ram/data_ram.xci] -no_script -sync -force -quiet
reset_run data_ram_synth_1
launch_runs -jobs 6 data_ram_synth_1
[Sat Jun 20 10:30:47 2020] Launched data_ram_synth_1...
Run output will be captured here: D:/Software/Vivado/projects/Computer_Organization/exp3/exp3.runs/data_ram_synth_1/runme.log
export_simulation -of_objects [get_files d:/Software/Vivado/projects/Computer_Organization/exp3/exp3.srcs/sources_1/ip/data_ram/data_ram.xci] -directory D:/Software/Vivado/projects/Computer_Organization/exp3/exp3.ip_user_files/sim_scripts -ip_user_files_dir D:/Software/Vivado/projects/Computer_Organization/exp3/exp3.ip_user_files -ipstatic_source_dir D:/Software/Vivado/projects/Computer_Organization/exp3/exp3.ip_user_files/ipstatic -lib_map_path [list {modelsim=D:/Software/Vivado/projects/Computer_Organization/exp3/exp3.cache/compile_simlib/modelsim} {questa=D:/Software/Vivado/projects/Computer_Organization/exp3/exp3.cache/compile_simlib/questa} {riviera=D:/Software/Vivado/projects/Computer_Organization/exp3/exp3.cache/compile_simlib/riviera} {activehdl=D:/Software/Vivado/projects/Computer_Organization/exp3/exp3.cache/compile_simlib/activehdl}] -use_ip_compiled_libs -force -quiet
update_compile_order -fileset sources_1
