INFO: [VRFC 10-2263] Analyzing Verilog file "D:/Software/Vivado/projects/Computer_Organization/exp4/exp4.srcs/sources_1/ip/data_ram/sim/data_ram.v" into library xil_defaultlib
INFO: [VRFC 10-311] analyzing module data_ram
INFO: [VRFC 10-2263] Analyzing Verilog file "D:/Software/Vivado/projects/Computer_Organization/exp4/exp4.srcs/sources_1/ip/inst_ram/sim/inst_ram.v" into library xil_defaultlib
INFO: [VRFC 10-311] analyzing module inst_ram
INFO: [VRFC 10-2263] Analyzing Verilog file "D:/Software/Vivado/projects/Computer_Organization/exp4/exp4.srcs/sources_1/new/alu.v" into library xil_defaultlib
INFO: [VRFC 10-311] analyzing module alu
INFO: [VRFC 10-2263] Analyzing Verilog file "D:/Software/Vivado/projects/Computer_Organization/exp4/exp4.srcs/sources_1/new/aludec.v" into library xil_defaultlib
INFO: [VRFC 10-311] analyzing module aludec
INFO: [VRFC 10-2263] Analyzing Verilog file "D:/Software/Vivado/projects/Computer_Organization/exp4/exp4.srcs/sources_1/new/controller.v" into library xil_defaultlib
INFO: [VRFC 10-311] analyzing module controller
INFO: [VRFC 10-2263] Analyzing Verilog file "D:/Software/Vivado/projects/Computer_Organization/exp4/exp4.srcs/sources_1/new/datapath.v" into library xil_defaultlib
INFO: [VRFC 10-311] analyzing module datapath
INFO: [VRFC 10-2263] Analyzing Verilog file "D:/Software/Vivado/projects/Computer_Organization/exp4/exp4.srcs/sources_1/new/flopenr.v" into library xil_defaultlib
INFO: [VRFC 10-311] analyzing module flopenr
INFO: [VRFC 10-2263] Analyzing Verilog file "D:/Software/Vivado/projects/Computer_Organization/exp4/exp4.srcs/sources_1/new/flopenrc.v" into library xil_defaultlib
INFO: [VRFC 10-311] analyzing module flopenrc
INFO: [VRFC 10-2263] Analyzing Verilog file "D:/Software/Vivado/projects/Computer_Organization/exp4/exp4.srcs/sources_1/new/floprc.v" into library xil_defaultlib
INFO: [VRFC 10-311] analyzing module floprc
INFO: [VRFC 10-2263] Analyzing Verilog file "D:/Software/Vivado/projects/Computer_Organization/exp4/exp4.srcs/sources_1/new/hazard.v" into library xil_defaultlib
INFO: [VRFC 10-311] analyzing module hazard
INFO: [VRFC 10-2263] Analyzing Verilog file "D:/Software/Vivado/projects/Computer_Organization/exp4/exp4.srcs/sources_1/new/maindec.v" into library xil_defaultlib
INFO: [VRFC 10-311] analyzing module main_decoder
INFO: [VRFC 10-2263] Analyzing Verilog file "D:/Software/Vivado/projects/Computer_Organization/exp4/exp4.srcs/sources_1/new/mips.v" into library xil_defaultlib
INFO: [VRFC 10-311] analyzing module mips
INFO: [VRFC 10-2263] Analyzing Verilog file "D:/Software/Vivado/projects/Computer_Organization/exp4/exp4.srcs/sources_1/new/mux2.v" into library xil_defaultlib
INFO: [VRFC 10-311] analyzing module mux2
INFO: [VRFC 10-2263] Analyzing Verilog file "D:/Software/Vivado/projects/Computer_Organization/exp4/exp4.srcs/sources_1/new/mux3.v" into library xil_defaultlib
INFO: [VRFC 10-311] analyzing module mux3
INFO: [VRFC 10-2263] Analyzing Verilog file "D:/Software/Vivado/projects/Computer_Organization/exp4/exp4.srcs/sources_1/new/pc_adder.v" into library xil_defaultlib
INFO: [VRFC 10-311] analyzing module adder
INFO: [VRFC 10-2263] Analyzing Verilog file "D:/Software/Vivado/projects/Computer_Organization/exp4/exp4.srcs/sources_1/new/regfile.v" into library xil_defaultlib
INFO: [VRFC 10-311] analyzing module regfile
INFO: [VRFC 10-2263] Analyzing Verilog file "D:/Software/Vivado/projects/Computer_Organization/exp4/exp4.srcs/sources_1/new/signext.v" into library xil_defaultlib
INFO: [VRFC 10-311] analyzing module signext
INFO: [VRFC 10-2263] Analyzing Verilog file "D:/Software/Vivado/projects/Computer_Organization/exp4/exp4.srcs/sources_1/new/sl2.v" into library xil_defaultlib
INFO: [VRFC 10-311] analyzing module sl2
INFO: [VRFC 10-2263] Analyzing Verilog file "D:/Software/Vivado/projects/Computer_Organization/exp4/exp4.srcs/sources_1/new/top.v" into library xil_defaultlib
INFO: [VRFC 10-311] analyzing module top
INFO: [VRFC 10-2263] Analyzing Verilog file "D:/Software/Vivado/projects/Computer_Organization/exp4/exp4.srcs/sim_1/new/testbench.v" into library xil_defaultlib
INFO: [VRFC 10-311] analyzing module testbench1
